2017-12-29 16:45:16,526 : INFO |	 Application has started.
2017-12-29 16:49:27,304 : INFO	 Application has started.
2017-12-29 16:49:28,670 : WARNING	 User input 9 is not a valid command.
2017-12-29 16:49:28,671 : ERROR	 Something went wrong...
2017-12-29 16:50:09,574 : INFO	 User input 3 was accepted.
2017-12-29 16:50:09,574 : INFO	 Sending GET request for "3" command.
2017-12-29 16:50:09,584 : DEBUG	 Starting new HTTP connection (1): localhost
2017-12-29 16:50:09,587 : DEBUG	 http://localhost:5000 "GET /api/shakehead HTTP/1.1" 200 31
2017-12-29 16:50:48,933 : INFO	 Application has started.
2017-12-29 16:52:49,613 : WARNING	 User input 77 is not a valid command.
2017-12-29 16:52:49,614 : ERROR	 Something went wrong...
2017-12-29 16:53:05,623 : INFO	 Application has started.
2017-12-29 16:53:08,180 : WARNING	 User input 99 is not a valid command.
2017-12-29 16:53:08,181 : ERROR	 Something went wrong...
2017-12-29 17:02:07,701 : INFO	 Application has started.
2017-12-29 17:02:43,153 : INFO	 Application has started.
2017-12-29 17:04:57,999 : INFO	 Application has started.
2017-12-29 17:07:18,066 : INFO	 Application has started.
2017-12-29 17:12:17,036 : INFO	 Application has started.
2017-12-29 17:19:49,394 : INFO	 Application has started.
2017-12-29 17:20:02,932 : INFO	 User input 1 was accepted.
2017-12-29 17:20:02,936 : INFO	 Sending GET request for "1" command.
2017-12-29 17:20:02,951 : DEBUG	 Starting new HTTP connection (1): localhost
2017-12-29 17:20:02,955 : DEBUG	 http://localhost:5000 "GET /api/readsonar HTTP/1.1" 200 31
2017-12-29 17:21:52,940 : INFO	 Application has started.
2017-12-29 17:22:27,135 : INFO	 Application has started.
2017-12-29 17:24:04,618 : INFO	 Application has started.
2017-12-29 17:24:05,979 : WARNING	 User input f is not a valid command.
2017-12-29 17:24:08,153 : WARNING	 User input k is not a valid command.
2017-12-29 17:24:10,011 : WARNING	 User input kkkkkkkkkk is not a valid command.
2017-12-29 17:24:11,780 : WARNING	 User input aponef' is not a valid command.
2017-12-29 17:24:15,232 : WARNING	 User input 93j2v is not a valid command.
2017-12-29 17:26:24,776 : INFO	 Application has started.
2017-12-29 17:26:27,684 : INFO	 User input 1 was accepted.
2017-12-29 17:26:27,685 : INFO	 Sending GET request for "1" command.
2017-12-29 17:26:27,692 : DEBUG	 Starting new HTTP connection (1): localhost
2017-12-29 17:26:27,696 : DEBUG	 http://localhost:5000 "GET /api/readsonar HTTP/1.1" 200 31
2017-12-29 17:26:31,658 : INFO	 User input 2 was accepted.
2017-12-29 17:26:36,115 : INFO	 Sending POST request with data hello 
2017-12-29 17:26:36,119 : DEBUG	 Starting new HTTP connection (1): localhost
2017-12-29 17:26:36,123 : DEBUG	 http://localhost:5000 "POST /api/speak HTTP/1.1" 200 31
2017-12-29 17:30:52,504 : INFO	 Application has started.
2017-12-29 17:30:56,115 : INFO	 User input 3 was accepted.
2017-12-29 17:30:56,116 : INFO	 Sending GET request for "3" command.
2017-12-29 17:30:56,127 : DEBUG	 Starting new HTTP connection (1): localhost
2017-12-29 17:30:56,151 : DEBUG	 http://localhost:5000 "GET /api/shakehead HTTP/1.1" 500 None
2017-12-29 17:30:56,152 : ERROR	 The request was unsuccessful. Status code: 500 
2017-12-29 17:31:53,692 : INFO	 Application has started.
2017-12-29 17:31:55,226 : INFO	 User input 1 was accepted.
2017-12-29 17:31:55,227 : INFO	 Sending GET request for "1" command.
2017-12-29 17:31:55,233 : DEBUG	 Starting new HTTP connection (1): localhost
2017-12-29 17:31:55,242 : DEBUG	 http://localhost:5000 "GET /api/readsonar HTTP/1.1" 500 None
2017-12-29 17:31:55,243 : ERROR	 The request was unsuccessful. Status code: 500 
2017-12-29 17:33:06,776 : INFO	 User input 1 was accepted.
2017-12-29 17:33:06,777 : INFO	 Sending GET request for "1" command.
2017-12-29 17:33:06,781 : DEBUG	 Starting new HTTP connection (1): localhost
2017-12-29 17:33:06,801 : DEBUG	 http://localhost:5000 "GET /api/readsonar HTTP/1.1" 500 None
2017-12-29 17:33:06,802 : ERROR	 The request was unsuccessful. Status code: 500 
2017-12-29 17:36:21,672 : INFO	 User input 1 was accepted.
2017-12-29 17:36:21,672 : INFO	 Sending GET request for "1" command.
2017-12-29 17:36:21,677 : DEBUG	 Starting new HTTP connection (1): localhost
2017-12-29 17:36:21,697 : DEBUG	 http://localhost:5000 "GET /api/readsonar HTTP/1.1" 500 None
2017-12-29 17:36:21,697 : ERROR	 The request was unsuccessful. Status code: 500 
2017-12-29 17:38:33,415 : INFO	 Application has started.
2017-12-29 17:38:34,160 : INFO	 User input 1 was accepted.
2017-12-29 17:38:34,161 : INFO	 Sending GET request for "1" command.
2017-12-29 17:38:34,172 : DEBUG	 Starting new HTTP connection (1): localhost
2017-12-29 17:38:34,182 : DEBUG	 http://localhost:5000 "GET /api/readsonar HTTP/1.1" 500 None
2017-12-29 17:38:34,183 : ERROR	 The request was unsuccessful. Status code: 500 
2017-12-29 17:39:55,260 : INFO	 Application has started.
2017-12-29 17:39:55,871 : INFO	 User input 1 was accepted.
2017-12-29 17:39:55,872 : INFO	 Sending GET request for "1" command.
2017-12-29 17:39:55,881 : DEBUG	 Starting new HTTP connection (1): localhost
2017-12-29 17:39:55,884 : DEBUG	 http://localhost:5000 "GET /api/readsonar HTTP/1.1" 200 31
2017-12-29 17:40:00,640 : INFO	 User input 3 was accepted.
2017-12-29 17:40:00,641 : INFO	 Sending GET request for "3" command.
2017-12-29 17:40:00,645 : DEBUG	 Starting new HTTP connection (1): localhost
2017-12-29 17:40:00,648 : DEBUG	 http://localhost:5000 "GET /api/shakehead HTTP/1.1" 200 31
2017-12-29 17:41:54,992 : INFO	 Application has started.
2017-12-29 17:41:56,123 : INFO	 User input 1 was accepted.
2017-12-29 17:41:56,124 : INFO	 Sending GET request for "1" command.
2017-12-29 17:41:56,132 : DEBUG	 Starting new HTTP connection (1): localhost
2017-12-29 17:41:56,135 : DEBUG	 http://localhost:5000 "GET /api/readsonar HTTP/1.1" 200 31
2017-12-29 17:43:27,312 : INFO	 Application has started.
2017-12-29 17:43:28,071 : INFO	 User input 1 was accepted.
2017-12-29 17:43:28,072 : INFO	 Sending GET request for "1" command.
2017-12-29 17:43:28,080 : DEBUG	 Starting new HTTP connection (1): localhost
2017-12-29 17:43:28,083 : DEBUG	 http://localhost:5000 "GET /api/readsonar HTTP/1.1" 200 31
2017-12-29 17:43:52,932 : INFO	 Application has started.
2017-12-29 17:43:53,697 : INFO	 User input 1 was accepted.
2017-12-29 17:43:53,698 : INFO	 Sending GET request for "1" command.
2017-12-29 17:43:53,709 : DEBUG	 Starting new HTTP connection (1): localhost
2017-12-29 17:43:53,713 : DEBUG	 http://localhost:5000 "GET /api/readsonar HTTP/1.1" 200 31
2017-12-29 17:44:24,694 : INFO	 User input 1 was accepted.
2017-12-29 17:44:24,695 : INFO	 Sending GET request for "1" command.
2017-12-29 17:44:24,698 : DEBUG	 Starting new HTTP connection (1): localhost
2017-12-29 17:44:24,711 : DEBUG	 http://localhost:5000 "GET /api/readsonar HTTP/1.1" 500 None
2017-12-29 17:44:24,712 : ERROR	 The request was unsuccessful. Status code: 500 
2017-12-29 17:45:43,692 : INFO	 User input 1 was accepted.
2017-12-29 17:45:43,692 : INFO	 Sending GET request for "1" command.
2017-12-29 17:45:43,694 : DEBUG	 Starting new HTTP connection (1): localhost
2017-12-29 17:45:43,718 : DEBUG	 http://localhost:5000 "GET /api/readsonar HTTP/1.1" 500 None
2017-12-29 17:45:43,719 : ERROR	 The request was unsuccessful. Status code: 500 
2017-12-29 17:46:24,451 : INFO	 User input 1 was accepted.
2017-12-29 17:46:24,452 : INFO	 Sending GET request for "1" command.
2017-12-29 17:46:24,456 : DEBUG	 Starting new HTTP connection (1): localhost
2017-12-29 17:46:24,461 : DEBUG	 http://localhost:5000 "GET /api/readsonar HTTP/1.1" 200 7
2017-12-29 17:49:23,366 : INFO	 Application has started.
2017-12-29 17:49:24,779 : INFO	 User input 1 was accepted.
2017-12-29 17:49:24,780 : INFO	 Sending GET request for "1" command.
2017-12-29 17:49:24,789 : DEBUG	 Starting new HTTP connection (1): localhost
2017-12-29 17:49:24,798 : DEBUG	 http://localhost:5000 "GET /api/readsonar HTTP/1.1" 500 None
2017-12-29 17:49:24,799 : ERROR	 The request was unsuccessful. Status code: 500 
2017-12-29 17:49:39,328 : INFO	 User input 1 was accepted.
2017-12-29 17:49:39,328 : INFO	 Sending GET request for "1" command.
2017-12-29 17:49:39,334 : DEBUG	 Starting new HTTP connection (1): localhost
2017-12-29 17:49:39,338 : DEBUG	 http://localhost:5000 "GET /api/readsonar HTTP/1.1" 200 2
2017-12-29 17:59:36,084 : INFO	 Application has started.
2017-12-29 17:59:37,534 : INFO	 User input 1 was accepted.
2017-12-29 17:59:37,535 : INFO	 Sending GET request for "1" command.
2017-12-29 17:59:37,542 : DEBUG	 Starting new HTTP connection (1): localhost
2017-12-29 17:59:37,547 : DEBUG	 http://localhost:5000 "GET /api/readsonar HTTP/1.1" 200 2
2017-12-29 18:01:35,179 : INFO	 Application has started.
2017-12-29 18:01:36,280 : INFO	 User input 3 was accepted.
2017-12-29 18:01:36,281 : INFO	 Sending GET request for "3" command.
2017-12-29 18:01:36,291 : DEBUG	 Starting new HTTP connection (1): localhost
2017-12-29 18:01:36,294 : DEBUG	 http://localhost:5000 "GET /api/shakehead HTTP/1.1" 200 2
2017-12-29 18:03:41,525 : INFO	 Application has started.
2017-12-29 18:03:43,077 : INFO	 User input 3 was accepted.
2017-12-29 18:03:43,078 : INFO	 Sending GET request for "3" command.
2017-12-29 18:03:43,089 : DEBUG	 Starting new HTTP connection (1): localhost
2017-12-29 18:03:43,094 : DEBUG	 http://localhost:5000 "GET /api/shakehead HTTP/1.1" 200 2
2017-12-29 18:03:44,337 : INFO	 User input 1 was accepted.
2017-12-29 18:03:44,337 : INFO	 Sending GET request for "1" command.
2017-12-29 18:03:44,342 : DEBUG	 Starting new HTTP connection (1): localhost
2017-12-29 18:03:44,346 : DEBUG	 http://localhost:5000 "GET /api/readsonar HTTP/1.1" 200 2
2017-12-29 18:03:45,799 : INFO	 User input 1 was accepted.
2017-12-29 18:03:45,800 : INFO	 Sending GET request for "1" command.
2017-12-29 18:03:45,804 : DEBUG	 Starting new HTTP connection (1): localhost
2017-12-29 18:03:45,809 : DEBUG	 http://localhost:5000 "GET /api/readsonar HTTP/1.1" 200 2
